<?xml version="1.0" encoding="UTF-8"?>
<testsuite xmlns:xsi="http://www.w3.org/2001/XMLSchema-instance" xsi:noNamespaceSchemaLocation="https://maven.apache.org/surefire/maven-surefire-plugin/xsd/surefire-test-report.xsd" name="com.ibm.math.TestMaths" time="0.385" tests="4" errors="0" skipped="0" failures="0">
  <properties>
[...]
</properties>
  <testcase name="testAdd" classname="com.ibm.math.TestMaths" time="0.068"/>
  <testcase name="testDiv" classname="com.ibm.math.TestMaths" time="0.004"/>
  <testcase name="testSubs" classname="com.ibm.math.TestMaths" time="0.002"/>
  <testcase name="testZeroDiv" classname="com.ibm.math.TestMaths" time="0.009"/>
</testsuite>